<?xml version="1.0" encoding="UTF-8"?>
<!DOCTYPE suite SYSTEM "http://testng.org/testng-1.0.dtd">
<suite name="GAC Suite">

	<test name="Billing">
		<classes>
			<class name="POC.GAC_Billing.BillingScript" />
		</classes>
	</test>

</suite> <!-- Suite -->
